Using pre-set license
Desktop is 1920 x 1080 @ 60 Hz

 COMMAND LINE ARGUMENTS:
Unity
-adb2
-batchMode
-noUpm
-name
AssetImportWorker0
-projectPath
/home/luismasuelli/Projects/Unity/My Meetgard Game
-logFile
Logs/AssetImportWorker0.log
-srvPort
36237
Successfully changed project path to: /home/luismasuelli/Projects/Unity/My Meetgard Game
/home/luismasuelli/Projects/Unity/My Meetgard Game
Using Asset Import Pipeline V2.
Unable to load player prefs
Refreshing native plugins compatible for Editor in 24,51 ms, found 0 plugins.
Preloading 0 native plugins for Editor in 0,00 ms.
Initialize engine version: 2020.3.12f1 (b3b2c6512326)
[Subsystems] Discovering subsystems at path /home/luismasuelli/Unity/Hub/Editor/2020.3.12f1/Editor/Data/Resources/UnitySubsystems
[Subsystems] Discovering subsystems at path /home/luismasuelli/Projects/Unity/My Meetgard Game/Assets
GLX Extensions: GLX_ARB_get_proc_address GLX_ARB_multisample GLX_EXT_visual_info GLX_EXT_visual_rating GLX_EXT_import_context GLX_SGI_video_sync GLX_SGIX_fbconfig GLX_SGIX_pbuffer GLX_SGI_swap_control GLX_EXT_swap_control GLX_EXT_swap_control_tear GLX_EXT_buffer_age GLX_ARB_create_context GLX_ARB_create_context_profile GLX_NV_float_buffer GLX_ARB_fbconfig_float GLX_EXT_texture_from_pixmap GLX_EXT_framebuffer_sRGB GLX_NV_copy_image GLX_EXT_create_context_es_profile GLX_EXT_create_context_es2_profile GLX_ARB_create_context_no_error GLX_ARB_create_context_robustness GLX_NV_delay_before_swap GLX_EXT_stereo_tree GLX_ARB_context_flush_control GLX_NV_robustness_video_memory_purge GLX_NV_multigpu_context 
Renderer: NVIDIA GeForce RTX 3070 Laptop GPU/PCIe/SSE2
Vendor:   NVIDIA Corporation
Version:  4.5.0 NVIDIA 470.82.00
GLES:     0
 GL_AMD_multi_draw_indirect GL_AMD_seamless_cubemap_per_texture GL_AMD_vertex_shader_viewport_index GL_AMD_vertex_shader_layer GL_ARB_arrays_of_arrays GL_ARB_base_instance GL_ARB_bindless_texture GL_ARB_blend_func_extended GL_ARB_buffer_storage GL_ARB_clear_buffer_object GL_ARB_clear_texture GL_ARB_clip_control GL_ARB_color_buffer_float GL_ARB_compressed_texture_pixel_storage GL_ARB_conservative_depth GL_ARB_compute_shader GL_ARB_compute_variable_group_size GL_ARB_conditional_render_inverted GL_ARB_copy_buffer GL_ARB_copy_image GL_ARB_cull_distance GL_ARB_debug_output GL_ARB_depth_buffer_float GL_ARB_depth_clamp GL_ARB_depth_texture GL_ARB_derivative_control GL_ARB_direct_state_access GL_ARB_draw_buffers GL_ARB_draw_buffers_blend GL_ARB_draw_indirect GL_ARB_draw_elements_base_vertex GL_ARB_draw_instanced GL_ARB_enhanced_layouts GL_ARB_ES2_compatibility GL_ARB_ES3_compatibility GL_ARB_ES3_1_compatibility GL_ARB_ES3_2_compatibility GL_ARB_explicit_attrib_location GL_ARB_explicit_uniform_location GL_ARB_fragmen
t_coord_conventions GL_ARB_fragment_layer_viewport GL_ARB_fragment_program GL_ARB_fragment_program_shadow GL_ARB_fragment_shader GL_ARB_fragment_shader_interlock GL_ARB_framebuffer_no_attachments GL_ARB_framebuffer_object GL_ARB_framebuffer_sRGB GL_ARB_geometry_shader4 GL_ARB_get_program_binary GL_ARB_get_texture_sub_image GL_ARB_gl_spirv GL_ARB_gpu_shader5 GL_ARB_gpu_shader_fp64 GL_ARB_gpu_shader_int64 GL_ARB_half_float_pixel GL_ARB_half_float_vertex GL_ARB_imaging GL_ARB_indirect_parameters GL_ARB_instanced_arrays GL_ARB_internalformat_query GL_ARB_internalformat_query2 GL_ARB_invalidate_subdata GL_ARB_map_buffer_alignment GL_ARB_map_buffer_range GL_ARB_multi_bind GL_ARB_multi_draw_indirect GL_ARB_multisample GL_ARB_multitexture GL_ARB_occlusion_query GL_ARB_occlusion_query2 GL_ARB_parallel_shader_compile GL_ARB_pipeline_statistics_query GL_ARB_pixel_buffer_object GL_ARB_point_parameters GL_ARB_point_sprite GL_ARB_polygon_offset_clamp GL_ARB_post_depth_coverage GL_ARB_program_interface_query GL_ARB_provoki
ng_vertex GL_ARB_query_buffer_object GL_ARB_robust_buffer_access_behavior GL_ARB_robustness GL_ARB_sample_locations GL_ARB_sample_shading GL_ARB_sampler_objects GL_ARB_seamless_cube_map GL_ARB_seamless_cubemap_per_texture GL_ARB_separate_shader_objects GL_ARB_shader_atomic_counter_ops GL_ARB_shader_atomic_counters GL_ARB_shader_ballot GL_ARB_shader_bit_encoding GL_ARB_shader_clock GL_ARB_shader_draw_parameters GL_ARB_shader_group_vote GL_ARB_shader_image_load_store GL_ARB_shader_image_size GL_ARB_shader_objects GL_ARB_shader_precision GL_ARB_shader_storage_buffer_object GL_ARB_shader_subroutine GL_ARB_shader_texture_image_samples GL_ARB_shader_texture_lod GL_ARB_shading_language_100 GL_ARB_shader_viewport_layer_array GL_ARB_shading_language_420pack GL_ARB_shading_language_include GL_ARB_shading_language_packing GL_ARB_shadow GL_ARB_sparse_buffer GL_ARB_sparse_texture GL_ARB_sparse_texture2 GL_ARB_sparse_texture_clamp GL_ARB_spirv_extensions GL_ARB_stencil_texturing GL_ARB_sync GL_ARB_tessellation_shader GL_A
RB_texture_barrier GL_ARB_texture_border_clamp GL_ARB_texture_buffer_object GL_ARB_texture_buffer_object_rgb32 GL_ARB_texture_buffer_range GL_ARB_texture_compression GL_ARB_texture_compression_bptc GL_ARB_texture_compression_rgtc GL_ARB_texture_cube_map GL_ARB_texture_cube_map_array GL_ARB_texture_env_add GL_ARB_texture_env_combine GL_ARB_texture_env_crossbar GL_ARB_texture_env_dot3 GL_ARB_texture_filter_anisotropic GL_ARB_texture_filter_minmax GL_ARB_texture_float GL_ARB_texture_gather GL_ARB_texture_mirror_clamp_to_edge GL_ARB_texture_mirrored_repeat GL_ARB_texture_multisample GL_ARB_texture_non_power_of_two GL_ARB_texture_query_levels GL_ARB_texture_query_lod GL_ARB_texture_rectangle GL_ARB_texture_rg GL_ARB_texture_rgb10_a2ui GL_ARB_texture_stencil8 GL_ARB_texture_storage GL_ARB_texture_storage_multisample GL_ARB_texture_swizzle GL_ARB_texture_view GL_ARB_timer_query GL_ARB_transform_feedback2 GL_ARB_transform_feedback3 GL_ARB_transform_feedback_instanced GL_ARB_transform_feedback_overflow_query GL_ARB_t
ranspose_matrix GL_ARB_uniform_buffer_object GL_ARB_vertex_array_bgra GL_ARB_vertex_array_object GL_ARB_vertex_attrib_64bit GL_ARB_vertex_attrib_binding GL_ARB_vertex_buffer_object GL_ARB_vertex_program GL_ARB_vertex_shader GL_ARB_vertex_type_10f_11f_11f_rev GL_ARB_vertex_type_2_10_10_10_rev GL_ARB_viewport_array GL_ARB_window_pos GL_ATI_draw_buffers GL_ATI_texture_float GL_ATI_texture_mirror_once GL_S3_s3tc GL_EXT_texture_env_add GL_EXT_abgr GL_EXT_bgra GL_EXT_bindable_uniform GL_EXT_blend_color GL_EXT_blend_equation_separate GL_EXT_blend_func_separate GL_EXT_blend_minmax GL_EXT_blend_subtract GL_EXT_compiled_vertex_array GL_EXT_Cg_shader GL_EXT_depth_bounds_test GL_EXT_direct_state_access GL_EXT_draw_buffers2 GL_EXT_draw_instanced GL_EXT_draw_range_elements GL_EXT_fog_coord GL_EXT_framebuffer_blit GL_EXT_framebuffer_multisample GL_EXTX_framebuffer_mixed_formats GL_EXT_framebuffer_multisample_blit_scaled GL_EXT_framebuffer_object GL_EXT_framebuffer_sRGB GL_EXT_geometry_shader4 GL_EXT_gpu_program_parameters 
GL_EXT_gpu_shader4 GL_EXT_multi_draw_arrays GL_EXT_multiview_texture_multisample GL_EXT_multiview_timer_query GL_EXT_packed_depth_stencil GL_EXT_packed_float GL_EXT_packed_pixels GL_EXT_pixel_buffer_object GL_EXT_point_parameters GL_EXT_polygon_offset_clamp GL_EXT_post_depth_coverage GL_EXT_provoking_vertex GL_EXT_raster_multisample GL_EXT_rescale_normal GL_EXT_secondary_color GL_EXT_separate_shader_objects GL_EXT_separate_specular_color GL_EXT_shader_image_load_formatted GL_EXT_shader_image_load_store GL_EXT_shader_integer_mix GL_EXT_shadow_funcs GL_EXT_sparse_texture2 GL_EXT_stencil_two_side GL_EXT_stencil_wrap GL_EXT_texture3D GL_EXT_texture_array GL_EXT_texture_buffer_object GL_EXT_texture_compression_dxt1 GL_EXT_texture_compression_latc GL_EXT_texture_compression_rgtc GL_EXT_texture_compression_s3tc GL_EXT_texture_cube_map GL_EXT_texture_edge_clamp GL_EXT_texture_env_combine GL_EXT_texture_env_dot3 GL_EXT_texture_filter_anisotropic GL_EXT_texture_filter_minmax GL_EXT_texture_integer GL_EXT_texture_lod G
L_EXT_texture_lod_bias GL_EXT_texture_mirror_clamp GL_EXT_texture_object GL_EXT_texture_shadow_lod GL_EXT_texture_shared_exponent GL_EXT_texture_sRGB GL_EXT_texture_sRGB_R8 GL_EXT_texture_sRGB_decode GL_EXT_texture_storage GL_EXT_texture_swizzle GL_EXT_timer_query GL_EXT_transform_feedback2 GL_EXT_vertex_array GL_EXT_vertex_array_bgra GL_EXT_vertex_attrib_64bit GL_EXT_window_rectangles GL_EXT_x11_sync_object GL_EXT_import_sync_object GL_NV_robustness_video_memory_purge GL_IBM_rasterpos_clip GL_IBM_texture_mirrored_repeat GL_KHR_context_flush_control GL_KHR_debug GL_EXT_memory_object GL_EXT_memory_object_fd GL_NV_memory_object_sparse GL_KHR_parallel_shader_compile GL_KHR_no_error GL_KHR_robust_buffer_access_behavior GL_KHR_robustness GL_EXT_semaphore GL_EXT_semaphore_fd GL_NV_timeline_semaphore GL_KHR_shader_subgroup GL_KTX_buffer_region GL_NV_alpha_to_coverage_dither_control GL_NV_bindless_multi_draw_indirect GL_NV_bindless_multi_draw_indirect_count GL_NV_bindless_texture GL_NV_blend_equation_advanced GL_NV_
blend_equation_advanced_coherent GL_NVX_blend_equation_advanced_multi_draw_buffers GL_NV_blend_minmax_factor GL_NV_blend_square GL_NV_clip_space_w_scaling GL_NV_command_list GL_NV_compute_program5 GL_NV_compute_shader_derivatives GL_NV_conditional_render GL_NV_conservative_raster GL_NV_conservative_raster_dilate GL_NV_conservative_raster_pre_snap GL_NV_conservative_raster_pre_snap_triangles GL_NV_conservative_raster_underestimation GL_NV_copy_depth_to_color GL_NV_copy_image GL_NV_depth_buffer_float GL_NV_depth_clamp GL_NV_draw_texture GL_NV_draw_vulkan_image GL_NV_ES1_1_compatibility GL_NV_ES3_1_compatibility GL_NV_explicit_multisample GL_NV_feature_query GL_NV_fence GL_NV_fill_rectangle GL_NV_float_buffer GL_NV_fog_distance GL_NV_fragment_coverage_to_color GL_NV_fragment_program GL_NV_fragment_program_option GL_NV_fragment_program2 GL_NV_fragment_shader_barycentric GL_NV_fragment_shader_interlock GL_NV_framebuffer_mixed_samples GL_NV_framebuffer_multisample_coverage GL_NV_geometry_shader4 GL_NV_geometry_sha
der_passthrough GL_NV_gpu_program4 GL_NV_internalformat_sample_query GL_NV_gpu_program4_1 GL_NV_gpu_program5 GL_NV_gpu_program5_mem_extended GL_NV_gpu_program_fp64 GL_NV_gpu_shader5 GL_NV_half_float GL_NV_light_max_exponent GL_NV_memory_attachment GL_NV_mesh_shader GL_NV_multisample_coverage GL_NV_multisample_filter_hint GL_NV_occlusion_query GL_NV_packed_depth_stencil GL_NV_parameter_buffer_object GL_NV_parameter_buffer_object2 GL_NV_path_rendering GL_NV_path_rendering_shared_edge GL_NV_pixel_data_range GL_NV_point_sprite GL_NV_primitive_restart GL_NV_primitive_shading_rate GL_NV_query_resource GL_NV_query_resource_tag GL_NV_register_combiners GL_NV_register_combiners2 GL_NV_representative_fragment_test GL_NV_sample_locations GL_NV_sample_mask_override_coverage GL_NV_scissor_exclusive GL_NV_shader_atomic_counters GL_NV_shader_atomic_float GL_NV_shader_atomic_float64 GL_NV_shader_atomic_fp16_vector GL_NV_shader_atomic_int64 GL_NV_shader_buffer_load GL_NV_shader_storage_buffer_object GL_NV_shader_subgroup_par
titioned GL_NV_shader_texture_footprint GL_NV_shading_rate_image GL_NV_stereo_view_rendering GL_NV_texgen_reflection GL_NV_texture_barrier GL_NV_texture_compression_vtc GL_NV_texture_dirty_tile_map GL_NV_texture_env_combine4 GL_NV_texture_multisample GL_NV_texture_rectangle GL_NV_texture_rectangle_compressed GL_NV_texture_shader GL_NV_texture_shader2 GL_NV_texture_shader3 GL_NV_transform_feedback GL_NV_transform_feedback2 GL_NV_uniform_buffer_unified_memory GL_NV_vdpau_interop GL_NV_vdpau_interop2 GL_NV_vertex_array_range GL_NV_vertex_array_range2 GL_NV_vertex_attrib_integer_64bit GL_NV_vertex_buffer_unified_memory GL_NV_vertex_program GL_NV_vertex_program1_1 GL_NV_vertex_program2 GL_NV_vertex_program2_option GL_NV_vertex_program3 GL_NV_viewport_array2 GL_NV_viewport_swizzle GL_NVX_conditional_render GL_NV_gpu_multicast GL_NVX_progress_fence GL_NVX_gpu_memory_info GL_NVX_nvenc_interop GL_NV_shader_thread_group GL_NV_shader_thread_shuffle GL_KHR_blend_equation_advanced GL_KHR_blend_equation_advanced_coherent 
GL_OVR_multiview GL_OVR_multiview2 GL_SGIS_generate_mipmap GL_SGIS_texture_lod GL_SGIX_depth_texture GL_SGIX_shadow GL_SUN_slice_accum
OPENGL LOG: Creating OpenGL 4.5 graphics device ; Context level  <OpenGL 4.5> ; Context handle -1954882216
Initialize mono
Mono path[0] = '/home/luismasuelli/Unity/Hub/Editor/2020.3.12f1/Editor/Data/Managed'
Mono path[1] = '/home/luismasuelli/Unity/Hub/Editor/2020.3.12f1/Editor/Data/MonoBleedingEdge/lib/mono/unityjit'
Mono config path = '/home/luismasuelli/Unity/Hub/Editor/2020.3.12f1/Editor/Data/MonoBleedingEdge/etc'
Using monoOptions --debugger-agent=transport=dt_socket,embedding=1,server=y,suspend=n,address=127.0.0.1:56533
Begin MonoManager ReloadAssembly
Registering precompiled unity dll's ...
Register platform support module: /home/luismasuelli/Unity/Hub/Editor/2020.3.12f1/Editor/Data/PlaybackEngines/WebGLSupport/UnityEditor.WebGL.Extensions.dll
Register platform support module: /home/luismasuelli/Unity/Hub/Editor/2020.3.12f1/Editor/Data/PlaybackEngines/LinuxStandaloneSupport/UnityEditor.LinuxStandalone.Extensions.dll
Registered in 0,000917 seconds.
Native extension for LinuxStandalone target not found
Native extension for WebGL target not found
Refreshing native plugins compatible for Editor in 25,89 ms, found 0 plugins.
Preloading 0 native plugins for Editor in 0,00 ms.
Mono: successfully reloaded assembly
- Completed reload, in  1,293 seconds
Platform modules already initialized, skipping
Registering precompiled user dll's ...
Registered in 0,002051 seconds.
Begin MonoManager ReloadAssembly
Native extension for LinuxStandalone target not found
Native extension for WebGL target not found
Refreshing native plugins compatible for Editor in 0,33 ms, found 0 plugins.
Preloading 0 native plugins for Editor in 0,00 ms.
Mono: successfully reloaded assembly
- Completed reload, in  0,894 seconds
Platform modules already initialized, skipping
========================================================================
Worker process is ready to serve import requests
Launched and connected shader compiler UnityShaderCompiler after 0.01 seconds
Refreshing native plugins compatible for Editor in 0,28 ms, found 0 plugins.
Preloading 0 native plugins for Editor in 0,00 ms.
Unloading 1386 Unused Serialized files (Serialized files now loaded: 0)
System memory in use before: 59,0 MB.
System memory in use after: 59,0 MB.

Unloading 19 unused Assets to reduce memory usage. Loaded Objects now: 1819.
Total: 3,022088 ms (FindLiveObjects: 0,152677 ms CreateObjectMapping: 0,033342 ms MarkObjects: 2,628099 ms  DeleteObjects: 0,202960 ms)

AssetImportParameters requested are different than current active one (requested -> active):
  custom:video-decoder-ogg-theora: a1e56fd34408186e4bbccfd4996cb3dc -> 
  custom:container-muxer-webm: aa71ff27fc2769a1b78a27578f13a17b -> 
  custom:container-demuxer-webm: 4f35f7cbe854078d1ac9338744f61a02 -> 
  custom:container-demuxer-ogg: 62fdf1f143b41e24485cea50d1cbac27 -> 
  custom:video-encoder-webm-vp8: eb34c28f22e8b96e1ab97ce403110664 -> 
  custom:video-decoder-webm-vp8: 9c59270c3fd7afecdb556c50c9e8de78 -> 
  custom:audio-decoder-ogg-vorbis: bf7c407c2cedff20999df2af8eb42d56 -> 
  custom:audio-encoder-webm-vorbis: bf7c407c2cedff20999df2af8eb42d56 -> 
========================================================================
Received Import Request.
  path: Assets/Scenes/SampleScene.unity
  artifactKey: Guid(9fc0d4010bbf28b4594072e72b8655ab) Importer(815301076,1909f56bfc062723c751e8b465ee728b)
Start importing Assets/Scenes/SampleScene.unity using Guid(9fc0d4010bbf28b4594072e72b8655ab) Importer(815301076,1909f56bfc062723c751e8b465ee728b)  -> (artifact id: '85059f4f9e1a832ed95adaa0d25c5c4c') in 0,012217 seconds 
  Import took 0,014618 seconds .

========================================================================
Received Prepare
Registering precompiled user dll's ...
Registered in 0,002026 seconds.
Begin MonoManager ReloadAssembly
Native extension for LinuxStandalone target not found
Native extension for WebGL target not found
Refreshing native plugins compatible for Editor in 0,36 ms, found 0 plugins.
Preloading 0 native plugins for Editor in 0,00 ms.
Mono: successfully reloaded assembly
- Completed reload, in  0,754 seconds
Platform modules already initialized, skipping
Refreshing native plugins compatible for Editor in 0,28 ms, found 0 plugins.
Preloading 0 native plugins for Editor in 0,00 ms.
Unloading 1393 Unused Serialized files (Serialized files now loaded: 0)
System memory in use before: 59,2 MB.
System memory in use after: 59,2 MB.

Unloading 14 unused Assets to reduce memory usage. Loaded Objects now: 1834.
Total: 2,365336 ms (FindLiveObjects: 0,149220 ms CreateObjectMapping: 0,023364 ms MarkObjects: 2,082195 ms  DeleteObjects: 0,108413 ms)

AssetImportParameters requested are different than current active one (requested -> active):
  custom:video-decoder-ogg-theora: a1e56fd34408186e4bbccfd4996cb3dc -> 
  custom:container-muxer-webm: aa71ff27fc2769a1b78a27578f13a17b -> 
  custom:container-demuxer-webm: 4f35f7cbe854078d1ac9338744f61a02 -> 
  custom:container-demuxer-ogg: 62fdf1f143b41e24485cea50d1cbac27 -> 
  custom:video-encoder-webm-vp8: eb34c28f22e8b96e1ab97ce403110664 -> 
  custom:video-decoder-webm-vp8: 9c59270c3fd7afecdb556c50c9e8de78 -> 
  custom:audio-decoder-ogg-vorbis: bf7c407c2cedff20999df2af8eb42d56 -> 
  custom:audio-encoder-webm-vorbis: bf7c407c2cedff20999df2af8eb42d56 -> 
========================================================================
Received Prepare
Registering precompiled user dll's ...
Registered in 0,001434 seconds.
Begin MonoManager ReloadAssembly
Native extension for LinuxStandalone target not found
Native extension for WebGL target not found
Refreshing native plugins compatible for Editor in 0,30 ms, found 0 plugins.
Preloading 0 native plugins for Editor in 0,00 ms.
Mono: successfully reloaded assembly
- Completed reload, in  0,796 seconds
Platform modules already initialized, skipping
Refreshing native plugins compatible for Editor in 0,38 ms, found 0 plugins.
Preloading 0 native plugins for Editor in 0,00 ms.
Unloading 1409 Unused Serialized files (Serialized files now loaded: 0)
System memory in use before: 59,7 MB.
System memory in use after: 59,8 MB.

Unloading 14 unused Assets to reduce memory usage. Loaded Objects now: 1853.
Total: 2,679746 ms (FindLiveObjects: 0,206217 ms CreateObjectMapping: 0,078617 ms MarkObjects: 2,280968 ms  DeleteObjects: 0,111940 ms)

AssetImportParameters requested are different than current active one (requested -> active):
  custom:video-decoder-ogg-theora: a1e56fd34408186e4bbccfd4996cb3dc -> 
  custom:container-muxer-webm: aa71ff27fc2769a1b78a27578f13a17b -> 
  custom:container-demuxer-webm: 4f35f7cbe854078d1ac9338744f61a02 -> 
  custom:container-demuxer-ogg: 62fdf1f143b41e24485cea50d1cbac27 -> 
  custom:video-encoder-webm-vp8: eb34c28f22e8b96e1ab97ce403110664 -> 
  custom:video-decoder-webm-vp8: 9c59270c3fd7afecdb556c50c9e8de78 -> 
  custom:audio-decoder-ogg-vorbis: bf7c407c2cedff20999df2af8eb42d56 -> 
  custom:audio-encoder-webm-vorbis: bf7c407c2cedff20999df2af8eb42d56 -> 
========================================================================
Received Prepare
Registering precompiled user dll's ...
Registered in 0,001413 seconds.
Begin MonoManager ReloadAssembly
Native extension for LinuxStandalone target not found
Native extension for WebGL target not found
Refreshing native plugins compatible for Editor in 0,37 ms, found 0 plugins.
Preloading 0 native plugins for Editor in 0,00 ms.
Mono: successfully reloaded assembly
- Completed reload, in  0,775 seconds
Platform modules already initialized, skipping
Refreshing native plugins compatible for Editor in 0,29 ms, found 0 plugins.
Preloading 0 native plugins for Editor in 0,00 ms.
Unloading 1411 Unused Serialized files (Serialized files now loaded: 0)
System memory in use before: 59,8 MB.
System memory in use after: 59,9 MB.

Unloading 14 unused Assets to reduce memory usage. Loaded Objects now: 1858.
Total: 3,750935 ms (FindLiveObjects: 0,281007 ms CreateObjectMapping: 0,052749 ms MarkObjects: 3,223125 ms  DeleteObjects: 0,191870 ms)

AssetImportParameters requested are different than current active one (requested -> active):
  custom:video-decoder-ogg-theora: a1e56fd34408186e4bbccfd4996cb3dc -> 
  custom:container-muxer-webm: aa71ff27fc2769a1b78a27578f13a17b -> 
  custom:container-demuxer-webm: 4f35f7cbe854078d1ac9338744f61a02 -> 
  custom:container-demuxer-ogg: 62fdf1f143b41e24485cea50d1cbac27 -> 
  custom:video-encoder-webm-vp8: eb34c28f22e8b96e1ab97ce403110664 -> 
  custom:video-decoder-webm-vp8: 9c59270c3fd7afecdb556c50c9e8de78 -> 
  custom:audio-decoder-ogg-vorbis: bf7c407c2cedff20999df2af8eb42d56 -> 
  custom:audio-encoder-webm-vorbis: bf7c407c2cedff20999df2af8eb42d56 -> 
========================================================================
Received Prepare
Registering precompiled user dll's ...
Registered in 0,001403 seconds.
Begin MonoManager ReloadAssembly
Native extension for LinuxStandalone target not found
Native extension for WebGL target not found
Refreshing native plugins compatible for Editor in 0,33 ms, found 0 plugins.
Preloading 0 native plugins for Editor in 0,00 ms.
Mono: successfully reloaded assembly
- Completed reload, in  0,737 seconds
Platform modules already initialized, skipping
Refreshing native plugins compatible for Editor in 0,38 ms, found 0 plugins.
Preloading 0 native plugins for Editor in 0,00 ms.
Unloading 1445 Unused Serialized files (Serialized files now loaded: 0)
System memory in use before: 60,8 MB.
System memory in use after: 60,8 MB.

Unloading 14 unused Assets to reduce memory usage. Loaded Objects now: 1895.
Total: 2,650852 ms (FindLiveObjects: 0,214543 ms CreateObjectMapping: 0,051707 ms MarkObjects: 2,272332 ms  DeleteObjects: 0,109285 ms)

AssetImportParameters requested are different than current active one (requested -> active):
  custom:video-decoder-ogg-theora: a1e56fd34408186e4bbccfd4996cb3dc -> 
  custom:container-muxer-webm: aa71ff27fc2769a1b78a27578f13a17b -> 
  custom:container-demuxer-webm: 4f35f7cbe854078d1ac9338744f61a02 -> 
  custom:container-demuxer-ogg: 62fdf1f143b41e24485cea50d1cbac27 -> 
  custom:video-encoder-webm-vp8: eb34c28f22e8b96e1ab97ce403110664 -> 
  custom:video-decoder-webm-vp8: 9c59270c3fd7afecdb556c50c9e8de78 -> 
  custom:audio-decoder-ogg-vorbis: bf7c407c2cedff20999df2af8eb42d56 -> 
  custom:audio-encoder-webm-vorbis: bf7c407c2cedff20999df2af8eb42d56 -> 
========================================================================
Received Prepare
Registering precompiled user dll's ...
Registered in 0,001405 seconds.
Begin MonoManager ReloadAssembly
Native extension for LinuxStandalone target not found
Native extension for WebGL target not found
Refreshing native plugins compatible for Editor in 0,34 ms, found 0 plugins.
Preloading 0 native plugins for Editor in 0,00 ms.
Mono: successfully reloaded assembly
- Completed reload, in  0,748 seconds
Platform modules already initialized, skipping
Refreshing native plugins compatible for Editor in 0,36 ms, found 0 plugins.
Preloading 0 native plugins for Editor in 0,00 ms.
Unloading 1493 Unused Serialized files (Serialized files now loaded: 0)
System memory in use before: 62,0 MB.
System memory in use after: 62,0 MB.

Unloading 14 unused Assets to reduce memory usage. Loaded Objects now: 1946.
Total: 3,145429 ms (FindLiveObjects: 0,173686 ms CreateObjectMapping: 0,030797 ms MarkObjects: 2,826261 ms  DeleteObjects: 0,108694 ms)

AssetImportParameters requested are different than current active one (requested -> active):
  custom:video-decoder-ogg-theora: a1e56fd34408186e4bbccfd4996cb3dc -> 
  custom:container-muxer-webm: aa71ff27fc2769a1b78a27578f13a17b -> 
  custom:container-demuxer-webm: 4f35f7cbe854078d1ac9338744f61a02 -> 
  custom:container-demuxer-ogg: 62fdf1f143b41e24485cea50d1cbac27 -> 
  custom:video-encoder-webm-vp8: eb34c28f22e8b96e1ab97ce403110664 -> 
  custom:video-decoder-webm-vp8: 9c59270c3fd7afecdb556c50c9e8de78 -> 
  custom:audio-decoder-ogg-vorbis: bf7c407c2cedff20999df2af8eb42d56 -> 
  custom:audio-encoder-webm-vorbis: bf7c407c2cedff20999df2af8eb42d56 -> 
========================================================================
Received Prepare
Registering precompiled user dll's ...
Registered in 0,001443 seconds.
Begin MonoManager ReloadAssembly
Native extension for LinuxStandalone target not found
Native extension for WebGL target not found
Refreshing native plugins compatible for Editor in 0,31 ms, found 0 plugins.
Preloading 0 native plugins for Editor in 0,00 ms.
Mono: successfully reloaded assembly
- Completed reload, in  0,766 seconds
Platform modules already initialized, skipping
Refreshing native plugins compatible for Editor in 0,30 ms, found 0 plugins.
Preloading 0 native plugins for Editor in 0,00 ms.
Unloading 1518 Unused Serialized files (Serialized files now loaded: 0)
System memory in use before: 62,7 MB.
System memory in use after: 62,7 MB.

Unloading 14 unused Assets to reduce memory usage. Loaded Objects now: 1974.
Total: 4,077778 ms (FindLiveObjects: 0,391014 ms CreateObjectMapping: 0,211056 ms MarkObjects: 3,354502 ms  DeleteObjects: 0,117410 ms)

AssetImportParameters requested are different than current active one (requested -> active):
  custom:video-decoder-ogg-theora: a1e56fd34408186e4bbccfd4996cb3dc -> 
  custom:container-muxer-webm: aa71ff27fc2769a1b78a27578f13a17b -> 
  custom:container-demuxer-webm: 4f35f7cbe854078d1ac9338744f61a02 -> 
  custom:container-demuxer-ogg: 62fdf1f143b41e24485cea50d1cbac27 -> 
  custom:video-encoder-webm-vp8: eb34c28f22e8b96e1ab97ce403110664 -> 
  custom:video-decoder-webm-vp8: 9c59270c3fd7afecdb556c50c9e8de78 -> 
  custom:audio-decoder-ogg-vorbis: bf7c407c2cedff20999df2af8eb42d56 -> 
  custom:audio-encoder-webm-vorbis: bf7c407c2cedff20999df2af8eb42d56 -> 
========================================================================
Received Prepare
Registering precompiled user dll's ...
Registered in 0,001427 seconds.
Begin MonoManager ReloadAssembly
Native extension for LinuxStandalone target not found
Native extension for WebGL target not found
Refreshing native plugins compatible for Editor in 0,32 ms, found 0 plugins.
Preloading 0 native plugins for Editor in 0,00 ms.
Mono: successfully reloaded assembly
- Completed reload, in  0,769 seconds
Platform modules already initialized, skipping
Refreshing native plugins compatible for Editor in 0,32 ms, found 0 plugins.
Preloading 0 native plugins for Editor in 0,00 ms.
Unloading 1553 Unused Serialized files (Serialized files now loaded: 0)
System memory in use before: 63,6 MB.
System memory in use after: 63,7 MB.

Unloading 14 unused Assets to reduce memory usage. Loaded Objects now: 2012.
Total: 3,288617 ms (FindLiveObjects: 0,163837 ms CreateObjectMapping: 0,030346 ms MarkObjects: 2,978756 ms  DeleteObjects: 0,113983 ms)

AssetImportParameters requested are different than current active one (requested -> active):
  custom:video-decoder-ogg-theora: a1e56fd34408186e4bbccfd4996cb3dc -> 
  custom:container-muxer-webm: aa71ff27fc2769a1b78a27578f13a17b -> 
  custom:container-demuxer-webm: 4f35f7cbe854078d1ac9338744f61a02 -> 
  custom:container-demuxer-ogg: 62fdf1f143b41e24485cea50d1cbac27 -> 
  custom:video-encoder-webm-vp8: eb34c28f22e8b96e1ab97ce403110664 -> 
  custom:video-decoder-webm-vp8: 9c59270c3fd7afecdb556c50c9e8de78 -> 
  custom:audio-decoder-ogg-vorbis: bf7c407c2cedff20999df2af8eb42d56 -> 
  custom:audio-encoder-webm-vorbis: bf7c407c2cedff20999df2af8eb42d56 -> 
========================================================================
Received Import Request.
  Time since last request: 287,759479 seconds.
  path: Assets/Scenes
  artifactKey: Guid(071a22d255ec90343ab7733f17d9e173) Importer(815301076,1909f56bfc062723c751e8b465ee728b)
Start importing Assets/Scenes using Guid(071a22d255ec90343ab7733f17d9e173) Importer(815301076,1909f56bfc062723c751e8b465ee728b)  -> (artifact id: '51194e696f12f8ea7e61f57b59570c4b') in 0,003577 seconds 
  Import took 0,006128 seconds .

========================================================================
Received Import Request.
  Time since last request: 9,136816 seconds.
  path: Assets/Scenes/ClientScene.unity
  artifactKey: Guid(655eb7b1503bf3cf6a13a7c072432238) Importer(815301076,1909f56bfc062723c751e8b465ee728b)
Start importing Assets/Scenes/ClientScene.unity using Guid(655eb7b1503bf3cf6a13a7c072432238) Importer(815301076,1909f56bfc062723c751e8b465ee728b)  -> (artifact id: '9f5c45a509881494c29748101d71e2b5') in 0,008627 seconds 
  Import took 0,011654 seconds .

========================================================================
Received Import Request.
  Time since last request: 11,767558 seconds.
  path: Assets/Scenes/Client.unity
  artifactKey: Guid(655eb7b1503bf3cf6a13a7c072432238) Importer(815301076,1909f56bfc062723c751e8b465ee728b)
Start importing Assets/Scenes/Client.unity using Guid(655eb7b1503bf3cf6a13a7c072432238) Importer(815301076,1909f56bfc062723c751e8b465ee728b)  -> (artifact id: 'b32199b9fa0d1e36f062c323700658e3') in 0,000967 seconds 
  Import took 0,003099 seconds .

========================================================================
Received Import Request.
  Time since last request: 7,551086 seconds.
  path: Assets/Scenes/Server.unity
  artifactKey: Guid(9fc0d4010bbf28b4594072e72b8655ab) Importer(815301076,1909f56bfc062723c751e8b465ee728b)
Start importing Assets/Scenes/Server.unity using Guid(9fc0d4010bbf28b4594072e72b8655ab) Importer(815301076,1909f56bfc062723c751e8b465ee728b)  -> (artifact id: '0aecca79575645095ba12aed562dcfaf') in 0,001319 seconds 
  Import took 0,003952 seconds .

========================================================================
Received Import Request.
  Time since last request: 129,456998 seconds.
  path: Assets/Scripts
  artifactKey: Guid(c86e3cb2d2190efcaa0b92da3baf46f7) Importer(815301076,1909f56bfc062723c751e8b465ee728b)
Start importing Assets/Scripts using Guid(c86e3cb2d2190efcaa0b92da3baf46f7) Importer(815301076,1909f56bfc062723c751e8b465ee728b)  -> (artifact id: '2a2e8049d5c7b9508d0773238e579068') in 0,001570 seconds 
  Import took 0,004561 seconds .

========================================================================
Received Import Request.
  Time since last request: 25,105817 seconds.
  path: Assets/Scripts/Types
  artifactKey: Guid(16f1a18d2112231e895c57ec3a793c93) Importer(815301076,1909f56bfc062723c751e8b465ee728b)
Start importing Assets/Scripts/Types using Guid(16f1a18d2112231e895c57ec3a793c93) Importer(815301076,1909f56bfc062723c751e8b465ee728b)  -> (artifact id: 'bff4e21da08e8a39d4517f66def7f0a8') in 0,001330 seconds 
  Import took 0,003854 seconds .

========================================================================
Received Import Request.
  Time since last request: 7,514361 seconds.
  path: Assets/Scripts/Authoring
  artifactKey: Guid(6692f035136533c28b9f43c0e8093274) Importer(815301076,1909f56bfc062723c751e8b465ee728b)
Start importing Assets/Scripts/Authoring using Guid(6692f035136533c28b9f43c0e8093274) Importer(815301076,1909f56bfc062723c751e8b465ee728b)  -> (artifact id: 'dfe999e63c547566152f5b13d99e5022') in 0,001134 seconds 
  Import took 0,003625 seconds .

========================================================================
Received Import Request.
  Time since last request: 17,379770 seconds.
  path: Assets/Scripts/Types/Protocols
  artifactKey: Guid(9b2f6bfc7f37f096ab0cac2f170220aa) Importer(815301076,1909f56bfc062723c751e8b465ee728b)
Start importing Assets/Scripts/Types/Protocols using Guid(9b2f6bfc7f37f096ab0cac2f170220aa) Importer(815301076,1909f56bfc062723c751e8b465ee728b)  -> (artifact id: '001fbb70413525989305acab96362aba') in 0,001188 seconds 
  Import took 0,003737 seconds .

========================================================================
Received Import Request.
  Time since last request: 11,810675 seconds.
  path: Assets/Scripts/Types/Protocols/Definitions
  artifactKey: Guid(bb73e0f6fbbbb31d6b242f7c9d56030d) Importer(815301076,1909f56bfc062723c751e8b465ee728b)
Start importing Assets/Scripts/Types/Protocols/Definitions using Guid(bb73e0f6fbbbb31d6b242f7c9d56030d) Importer(815301076,1909f56bfc062723c751e8b465ee728b)  -> (artifact id: 'f2f94885b5983a763acb7f7554307f60') in 0,001197 seconds 
  Import took 0,003615 seconds .

========================================================================
Received Import Request.
  Time since last request: 7,841622 seconds.
  path: Assets/Scripts/Types/Protocols/Messages
  artifactKey: Guid(fa873f03e0fcbb8acba0c36e17353486) Importer(815301076,1909f56bfc062723c751e8b465ee728b)
Start importing Assets/Scripts/Types/Protocols/Messages using Guid(fa873f03e0fcbb8acba0c36e17353486) Importer(815301076,1909f56bfc062723c751e8b465ee728b)  -> (artifact id: '3bf09ba1ec7032a1dd0665c7bbd1c65c') in 0,001296 seconds 
  Import took 0,004013 seconds .

========================================================================
Received Import Request.
  Time since last request: 17,848526 seconds.
  path: Assets/Scripts/Authoring/Client
  artifactKey: Guid(3111c1f08574eec6e9bf3a522ee3099f) Importer(815301076,1909f56bfc062723c751e8b465ee728b)
Start importing Assets/Scripts/Authoring/Client using Guid(3111c1f08574eec6e9bf3a522ee3099f) Importer(815301076,1909f56bfc062723c751e8b465ee728b)  -> (artifact id: 'a07cae6fd53c34e2199598c4ada7f8c1') in 0,001093 seconds 
  Import took 0,003816 seconds .

========================================================================
Received Import Request.
  Time since last request: 8,678960 seconds.
  path: Assets/Scripts/Authoring/Server
  artifactKey: Guid(e6dff4c2ec47a246d88441c83e692764) Importer(815301076,1909f56bfc062723c751e8b465ee728b)
Start importing Assets/Scripts/Authoring/Server using Guid(e6dff4c2ec47a246d88441c83e692764) Importer(815301076,1909f56bfc062723c751e8b465ee728b)  -> (artifact id: '9027bbd47ec29783668ba7b3c7effc67') in 0,001237 seconds 
  Import took 0,004118 seconds .

========================================================================
Received Import Request.
  Time since last request: 16,882407 seconds.
  path: Assets/Scripts/Authoring/Client/Proto
  artifactKey: Guid(c11ed6f37011d43f28488a2d268c702c) Importer(815301076,1909f56bfc062723c751e8b465ee728b)
Start importing Assets/Scripts/Authoring/Client/Proto using Guid(c11ed6f37011d43f28488a2d268c702c) Importer(815301076,1909f56bfc062723c751e8b465ee728b)  -> (artifact id: 'e43456c39ecc454c78336b604972fb34') in 0,001627 seconds 
  Import took 0,004104 seconds .

========================================================================
Received Import Request.
  Time since last request: 45,800004 seconds.
  path: Assets/Scripts/Client/Authoring
  artifactKey: Guid(df9614cde4d342862a8400832c2dfbcb) Importer(815301076,1909f56bfc062723c751e8b465ee728b)
Start importing Assets/Scripts/Client/Authoring using Guid(df9614cde4d342862a8400832c2dfbcb) Importer(815301076,1909f56bfc062723c751e8b465ee728b)  -> (artifact id: '5b97f6b908a1b47ffe6294e6829091ce') in 0,001152 seconds 
  Import took 0,003614 seconds .

========================================================================
Received Import Request.
  Time since last request: 11,546269 seconds.
  path: Assets/Scripts/Server/Authoring
  artifactKey: Guid(1b60047b2a08a40f7910aa380ff0cda9) Importer(815301076,1909f56bfc062723c751e8b465ee728b)
Start importing Assets/Scripts/Server/Authoring using Guid(1b60047b2a08a40f7910aa380ff0cda9) Importer(815301076,1909f56bfc062723c751e8b465ee728b)  -> (artifact id: 'b1fe2fe5e8adcda12e52e072be9c5d47') in 0,001252 seconds 
  Import took 0,003957 seconds .

========================================================================
Received Import Request.
  Time since last request: 13,827248 seconds.
  path: Assets/Scripts/Client/Authoring/Behaviours
  artifactKey: Guid(159f53b1e027c647b981c371b47e1303) Importer(815301076,1909f56bfc062723c751e8b465ee728b)
Start importing Assets/Scripts/Client/Authoring/Behaviours using Guid(159f53b1e027c647b981c371b47e1303) Importer(815301076,1909f56bfc062723c751e8b465ee728b)  -> (artifact id: '21352831fef9377d9fcca71c7fef8e76') in 0,001249 seconds 
  Import took 0,003832 seconds .

========================================================================
Received Import Request.
  Time since last request: 10,371723 seconds.
  path: Assets/Scripts/Client/Authoring/Types
  artifactKey: Guid(2716826caf606b2a7985f4d2fbfd5294) Importer(815301076,1909f56bfc062723c751e8b465ee728b)
Start importing Assets/Scripts/Client/Authoring/Types using Guid(2716826caf606b2a7985f4d2fbfd5294) Importer(815301076,1909f56bfc062723c751e8b465ee728b)  -> (artifact id: '1a9ad02e3a6abe4781d5d19e27cb39ef') in 0,001295 seconds 
  Import took 0,003856 seconds .

========================================================================
Received Import Request.
  Time since last request: 8,854071 seconds.
  path: Assets/Scripts/Server/Authoring/Behaviours
  artifactKey: Guid(07ab844a3daa366a5a5f206bfc3fbf7b) Importer(815301076,1909f56bfc062723c751e8b465ee728b)
Start importing Assets/Scripts/Server/Authoring/Behaviours using Guid(07ab844a3daa366a5a5f206bfc3fbf7b) Importer(815301076,1909f56bfc062723c751e8b465ee728b)  -> (artifact id: '0f5bd562055f86525add25eb0aa60b42') in 0,001076 seconds 
  Import took 0,003540 seconds .

========================================================================
Received Import Request.
  Time since last request: 7,335239 seconds.
  path: Assets/Scripts/Server/Authoring/Types
  artifactKey: Guid(e7d02691c937c3cc29f5b95e81b68d26) Importer(815301076,1909f56bfc062723c751e8b465ee728b)
Start importing Assets/Scripts/Server/Authoring/Types using Guid(e7d02691c937c3cc29f5b95e81b68d26) Importer(815301076,1909f56bfc062723c751e8b465ee728b)  -> (artifact id: '895d793ad2e3ee93116d02dba5598736') in 0,001596 seconds 
  Import took 0,004362 seconds .

========================================================================
Received Import Request.
  Time since last request: 12,089104 seconds.
  path: Assets/Scripts/Server/Types
  artifactKey: Guid(da03c8e39b32d077980d0da53e948c3e) Importer(815301076,1909f56bfc062723c751e8b465ee728b)
Start importing Assets/Scripts/Server/Types using Guid(da03c8e39b32d077980d0da53e948c3e) Importer(815301076,1909f56bfc062723c751e8b465ee728b)  -> (artifact id: 'c19d3795c1777c17ec998432f566a308') in 0,001257 seconds 
  Import took 0,003648 seconds .

========================================================================
Received Import Request.
  Time since last request: 9,333032 seconds.
  path: Assets/Scripts/Client/Types
  artifactKey: Guid(8d76b9b218459d1c483ee9afc370df12) Importer(815301076,1909f56bfc062723c751e8b465ee728b)
Start importing Assets/Scripts/Client/Types using Guid(8d76b9b218459d1c483ee9afc370df12) Importer(815301076,1909f56bfc062723c751e8b465ee728b)  -> (artifact id: '851012cac9613c28e5d4ee5d03a99acd') in 0,001232 seconds 
  Import took 0,003694 seconds .

========================================================================
Received Import Request.
  Time since last request: 28,177072 seconds.
  path: Assets/Scripts/Client/Authoring/Behaviours/Protocols
  artifactKey: Guid(570c5cfe6674a8221964aac5aa47cf14) Importer(815301076,1909f56bfc062723c751e8b465ee728b)
Start importing Assets/Scripts/Client/Authoring/Behaviours/Protocols using Guid(570c5cfe6674a8221964aac5aa47cf14) Importer(815301076,1909f56bfc062723c751e8b465ee728b)  -> (artifact id: '84380420ff5066622b675222db297ffa') in 0,001325 seconds 
  Import took 0,003731 seconds .

========================================================================
Received Import Request.
  Time since last request: 12,495763 seconds.
  path: Assets/Scripts/Client/Authoring/Behaviours/External
  artifactKey: Guid(0587da266907c6b8ba0d4d8e25253d40) Importer(815301076,1909f56bfc062723c751e8b465ee728b)
Start importing Assets/Scripts/Client/Authoring/Behaviours/External using Guid(0587da266907c6b8ba0d4d8e25253d40) Importer(815301076,1909f56bfc062723c751e8b465ee728b)  -> (artifact id: '65bd9a5335656c42100528cc3c7cd1ad') in 0,001272 seconds 
  Import took 0,004020 seconds .

========================================================================
Received Import Request.
  Time since last request: 12,649599 seconds.
  path: Assets/Scripts/Client/Authoring/Behaviours/UI
  artifactKey: Guid(c35f0af5f9ff99793baccea40001a5d6) Importer(815301076,1909f56bfc062723c751e8b465ee728b)
Start importing Assets/Scripts/Client/Authoring/Behaviours/UI using Guid(c35f0af5f9ff99793baccea40001a5d6) Importer(815301076,1909f56bfc062723c751e8b465ee728b)  -> (artifact id: 'ab2df80c22006cd24c9bd4033a4296df') in 0,001187 seconds 
  Import took 0,003660 seconds .

========================================================================
Received Import Request.
  Time since last request: 8,502790 seconds.
  path: Assets/Scripts/Server/Authoring/Behaviours/Protocols
  artifactKey: Guid(ae38dbffee1a5a8f1a60d9ab138a02e5) Importer(815301076,1909f56bfc062723c751e8b465ee728b)
Start importing Assets/Scripts/Server/Authoring/Behaviours/Protocols using Guid(ae38dbffee1a5a8f1a60d9ab138a02e5) Importer(815301076,1909f56bfc062723c751e8b465ee728b)  -> (artifact id: 'f9845646d46a33ad2b2040feecef7e3a') in 0,001306 seconds 
  Import took 0,003752 seconds .

========================================================================
Received Import Request.
  Time since last request: 11,956411 seconds.
  path: Assets/Scripts/Server/Authoring/Behaviours/External
  artifactKey: Guid(36fa5e40c1d955510b79ec6db6b425b6) Importer(815301076,1909f56bfc062723c751e8b465ee728b)
Start importing Assets/Scripts/Server/Authoring/Behaviours/External using Guid(36fa5e40c1d955510b79ec6db6b425b6) Importer(815301076,1909f56bfc062723c751e8b465ee728b)  -> (artifact id: '4000b169e02f431b1dea46d0ced1c719') in 0,001218 seconds 
  Import took 0,003630 seconds .

AssetImportWorkerClient::OnTransportError - code=2 error=End of file
